SKIPPED .htaccess -> .htaccess
SKIPPED bolsas_verificado_trg.sql -> bolsas_verificado_trg.sql
SKIPPED calcular_valhor.sql -> calcular_valhor.sql
OK      dbo_eah2019.js -> dbo_eah2020.js
OK      eah2019.css -> eah2020.css
OK      eah2019.manifest -> eah2020.manifest
OK      eah2019.manifest.php -> eah2020.manifest.php
OK      eah2019.php -> eah2020.php
OK      eah2019_fondo_t.png -> eah2020_fondo_t.png
OK      eah2019_fondo_t_2.png -> eah2020_fondo_t_2.png
OK      eah2019_fondo_t_ant.png -> eah2020_fondo_t_ant.png
OK      eah2019_fondo_t_nuevo.png -> eah2020_fondo_t_nuevo.png
OK      eah2019_fondo_t_ori.png -> eah2020_fondo_t_ori.png
OK      eah2019_fondo_t_tele.png -> eah2020_fondo_t_tele.png
OK      eah2019_icon.gif -> eah2020_icon.gif
OK      eah2019_icon.png -> eah2020_icon.png
OK      eah2019_icon_capa.gif -> eah2020_icon_capa.gif
OK      eah2019_icon_capa.png -> eah2020_icon_capa.png
OK      eah2019_icon_desa.gif -> eah2020_icon_desa.gif
OK      eah2019_icon_super.png -> eah2020_icon_super.png
OK      eah2019_icon_super_capa.png -> eah2020_icon_super_capa.png
OK      eah2019_icon_super_tele.png -> eah2020_icon_super_tele.png
OK      eah2019_icon_tele.png -> eah2020_icon_tele.png
OK      eah2019_icon_test.gif -> eah2020_icon_test.gif
OK      eah2019_icon_test.png -> eah2020_icon_test.png
OK      eah2019_super.png -> eah2020_super.png
OK      estructura_eah2019.php -> estructura_eah2020.php
OK      fondo_eah2019.png -> fondo_eah2020.png
SKIPPED funcion_agregar_variable_tem.sql -> funcion_agregar_variable_tem.sql
SKIPPED funcion_fin_de_campo_automatico.sql -> funcion_fin_de_campo_automatico.sql
SKIPPED generar_consistencias_audi_nsnc.sql -> generar_consistencias_audi_nsnc.sql
SKIPPED generar_consistencias_audi_rango.sql -> generar_consistencias_audi_rango.sql
SKIPPED generar_consistencias_completitud.fun -> generar_consistencias_completitud.fun
SKIPPED generar_consistencias_completitud.sql -> generar_consistencias_completitud.sql
SKIPPED generar_consistencias_filtro.sql -> generar_consistencias_filtro.sql
SKIPPED generar_consistencias_flujo.sql -> generar_consistencias_flujo.sql
SKIPPED importar_metadatos.sql -> importar_metadatos.sql
SKIPPED index.php -> index.php
SKIPPED insercion_tabla_consistencias.sql -> insercion_tabla_consistencias.sql
SKIPPED insercion_tabla_rol_rol.sql -> insercion_tabla_rol_rol.sql
SKIPPED insercion_tabla_roles.sql -> insercion_tabla_roles.sql
SKIPPED lo_imprescindible.php -> lo_imprescindible.php
SKIPPED logo_app.png -> logo_app.png
SKIPPED logo_app_ant.png -> logo_app_ant.png
SKIPPED logo_app_capa.png -> logo_app_capa.png
SKIPPED logo_app_clondiseño.png -> logo_app_clondiseño.png
SKIPPED logo_app_recuperacion.png -> logo_app_recuperacion.png
SKIPPED logo_app_tele.png -> logo_app_tele.png
SKIPPED logo_app_telefonica.png -> logo_app_telefonica.png
SKIPPED logo_app_test.png -> logo_app_test.png
SKIPPED logo_eah.png -> logo_eah.png
SKIPPED logo_esperar.png -> logo_esperar.png
OK      metadatos_eah2019.php -> metadatos_eah2020.php
SKIPPED planilla_supervision.css -> planilla_supervision.css
SKIPPED planilla_supervision.html -> planilla_supervision.html
SKIPPED proceso_agregar_novedades.php -> proceso_agregar_novedades.php
OK      tablas_planas_eah2019.php -> tablas_planas_eah2020.php
SKIPPED tem_estado_function.sql -> tem_estado_function.sql
SKIPPED tem_verificado_trg.sql -> tem_verificado_trg.sql
SKIPPED vista_var_orden.sql -> vista_var_orden.sql
